2022-08-19T17:17:51.334Z [my-bank-api] [info] [Api Started!]
2022-08-19T17:20:01.710Z [my-bank-api] [info] [Api Started!]
2022-08-19T17:20:11.296Z [my-bank-api] [info] [Api Started!]
2022-08-19T17:20:13.437Z [my-bank-api] [info] [Api Started!]
2022-08-19T17:20:40.989Z [my-bank-api] [error] [GET /account - ENOENT: no such file or directory, open 'C:\Users\Administrador.DESKTOP-1IMR677.000\Desktop\Unyleya\my-bank-api\accounts.json']
2022-08-19T17:21:31.502Z [my-bank-api] [info] [Api Started and File created!]
2022-08-19T17:22:04.413Z [my-bank-api] [info] [Api Started!]
2022-08-19T17:22:09.094Z [my-bank-api] [info] [Api Started!]
2022-08-19T17:22:10.919Z [my-bank-api] [info] [Api Started!]
2022-08-19T17:22:15.455Z [my-bank-api] [info] [Api Started!]
2022-08-19T17:22:17.748Z [my-bank-api] [info] [Api Started!]
2022-08-19T17:22:23.492Z [my-bank-api] [info] [Api Started!]
2022-08-19T17:22:25.634Z [my-bank-api] [info] [Api Started!]
2022-08-19T17:22:27.671Z [my-bank-api] [info] [Api Started!]
2022-08-19T17:22:36.795Z [my-bank-api] [info] [Api Started!]
2022-08-19T17:22:41.755Z [my-bank-api] [info] [Api Started!]
2022-08-19T17:22:43.772Z [my-bank-api] [info] [Api Started!]
2022-08-19T17:22:48.072Z [my-bank-api] [info] [Api Started!]
2022-08-19T17:22:56.039Z [my-bank-api] [info] [Api Started!]
2022-08-19T17:23:21.075Z [my-bank-api] [info] [Api Started!]
2022-08-19T17:23:25.911Z [my-bank-api] [info] [Api Started!]
2022-08-19T17:23:28.138Z [my-bank-api] [info] [Api Started!]
2022-08-19T17:23:31.907Z [my-bank-api] [info] [Api Started!]
2022-08-19T17:23:33.886Z [my-bank-api] [info] [Api Started!]
2022-08-19T17:23:39.677Z [my-bank-api] [info] [Api Started!]
2022-08-19T17:23:43.882Z [my-bank-api] [info] [Api Started!]
2022-08-19T17:23:45.404Z [my-bank-api] [info] [Api Started!]
2022-08-19T17:23:51.256Z [my-bank-api] [info] [Api Started!]
2022-08-19T17:24:10.350Z [my-bank-api] [info] [Api Started!]
2022-08-19T17:24:19.258Z [my-bank-api] [info] [Api Started!]
2022-08-19T17:24:25.442Z [my-bank-api] [info] [Api Started!]
2022-08-19T17:24:27.859Z [my-bank-api] [info] [Api Started!]
2022-08-19T17:24:31.558Z [my-bank-api] [info] [Api Started!]
2022-08-19T17:24:33.309Z [my-bank-api] [info] [Api Started!]
2022-08-19T17:24:40.357Z [my-bank-api] [info] [Api Started!]
2022-08-19T17:24:52.634Z [my-bank-api] [info] [Api Started!]
2022-08-19T17:25:07.022Z [my-bank-api] [info] [Api Started!]
2022-08-19T17:25:26.255Z [my-bank-api] [info] [Api Started!]
2022-08-19T17:25:30.111Z [my-bank-api] [info] [Api Started!]
2022-08-19T17:25:37.358Z [my-bank-api] [info] [Api Started!]
2022-08-19T17:25:39.874Z [my-bank-api] [info] [Api Started!]
2022-08-19T17:25:49.462Z [my-bank-api] [info] [Api Started!]
2022-08-19T17:26:04.491Z [my-bank-api] [info] [Api Started!]
2022-08-19T17:26:07.254Z [my-bank-api] [info] [Api Started!]
2022-08-19T17:26:10.693Z [my-bank-api] [info] [Api Started!]
2022-08-19T17:26:19.158Z [my-bank-api] [info] [GET /account]
2022-08-19T17:26:23.935Z [my-bank-api] [info] [POST /account - {"id":1,"name":"Jonathas Walbert","balance":850.54}]
2022-08-19T17:26:35.426Z [my-bank-api] [info] [POST /account - {"id":2,"name":"Rosemary Lacerda","balance":1200}]
2022-08-19T17:26:45.279Z [my-bank-api] [info] [GET /account/:id]
2022-08-19T17:27:01.299Z [my-bank-api] [info] [POST /account - {"id":3,"name":"Douglas","balance":500}]
2022-08-19T17:27:04.729Z [my-bank-api] [info] [DELETE /account/:id - 3]
2022-08-19T17:27:09.095Z [my-bank-api] [info] [GET /account]
2022-08-19T17:54:28.396Z [my-bank-api] [info] [Api Started!]
2022-08-19T17:55:20.453Z [my-bank-api] [info] [Api Started!]
2022-08-19T17:55:29.967Z [my-bank-api] [info] [Api Started!]
2022-08-19T17:55:47.874Z [my-bank-api] [info] [Api Started!]
2022-08-19T17:56:48.561Z [my-bank-api] [info] [Api Started!]
2022-08-19T17:56:52.739Z [my-bank-api] [info] [Api Started!]
2022-08-19T17:58:02.202Z [my-bank-api] [info] [Api Started!]
2022-08-19T17:58:04.738Z [my-bank-api] [info] [Api Started!]
2022-08-19T17:58:06.561Z [my-bank-api] [info] [Api Started!]
2022-08-19T17:58:20.406Z [my-bank-api] [info] [Api Started!]
2022-08-19T17:58:28.324Z [my-bank-api] [info] [Api Started!]
2022-08-19T17:58:34.931Z [my-bank-api] [info] [Api Started!]
2022-08-19T17:58:39.504Z [my-bank-api] [info] [Api Started!]
2022-08-19T17:58:40.949Z [my-bank-api] [info] [Api Started!]
2022-08-19T17:58:43.124Z [my-bank-api] [info] [Api Started!]
2022-08-19T18:00:47.971Z [my-bank-api] [info] [Api Started!]
2022-08-19T18:00:49.741Z [my-bank-api] [info] [Api Started!]
2022-08-19T18:00:57.000Z [my-bank-api] [info] [Api Started!]
2022-08-19T18:00:58.812Z [my-bank-api] [info] [Api Started!]
2022-08-19T18:00:59.754Z [my-bank-api] [info] [Api Started!]
2022-08-19T18:01:04.672Z [my-bank-api] [info] [Api Started!]
2022-08-19T18:01:26.534Z [my-bank-api] [info] [Api Started!]
2022-08-19T18:01:28.348Z [my-bank-api] [info] [Api Started!]
2022-08-19T18:01:38.949Z [my-bank-api] [info] [Api Started!]
2022-08-19T18:01:43.456Z [my-bank-api] [info] [Api Started!]
2022-08-19T18:02:17.512Z [my-bank-api] [info] [Api Started!]
2022-08-19T18:02:39.815Z [my-bank-api] [info] [Api Started!]
2022-08-19T18:02:43.866Z [my-bank-api] [info] [Api Started!]
2022-08-19T18:02:46.254Z [my-bank-api] [info] [Api Started!]
2022-08-19T18:03:13.316Z [my-bank-api] [info] [Api Started!]
2022-08-19T18:03:15.365Z [my-bank-api] [info] [Api Started!]
2022-08-19T18:05:03.198Z [my-bank-api] [info] [Api Started!]
2022-08-19T18:05:04.867Z [my-bank-api] [info] [Api Started!]
2022-08-19T18:06:37.920Z [my-bank-api] [info] [Api Started!]
2022-08-19T18:06:39.055Z [my-bank-api] [info] [Api Started!]
2022-08-19T18:07:10.978Z [my-bank-api] [info] [Api Started!]
2022-08-19T18:07:19.162Z [my-bank-api] [info] [Api Started!]
2022-08-19T18:07:21.511Z [my-bank-api] [info] [Api Started!]
2022-08-19T18:08:17.294Z [my-bank-api] [info] [Api Started!]
2022-08-19T18:08:19.787Z [my-bank-api] [info] [Api Started!]
2022-08-19T18:08:22.957Z [my-bank-api] [info] [Api Started!]
2022-08-19T18:08:26.042Z [my-bank-api] [info] [Api Started!]
